C:\USERS\MIGUEL\DOCUMENTS\GITHUB\MIGUEL-NUNO\MAPADIGITAL\MAPADIGITAL\DEBUG\TESTE.OBJ
C:\USERS\MIGUEL\DOCUMENTS\GITHUB\MIGUEL-NUNO\MAPADIGITAL\MAPADIGITAL\DEBUG\VC110.PDB
C:\USERS\MIGUEL\DOCUMENTS\GITHUB\MIGUEL-NUNO\MAPADIGITAL\DEBUG\MAPADIGITAL.ILK
C:\USERS\MIGUEL\DOCUMENTS\GITHUB\MIGUEL-NUNO\MAPADIGITAL\DEBUG\MAPADIGITAL.EXE
C:\USERS\MIGUEL\DOCUMENTS\GITHUB\MIGUEL-NUNO\MAPADIGITAL\DEBUG\MAPADIGITAL.PDB
C:\Users\Miguel\Documents\GitHub\miguel-nuno\MapaDigital\MapaDigital\Debug\cl.command.1.tlog
C:\Users\Miguel\Documents\GitHub\miguel-nuno\MapaDigital\MapaDigital\Debug\CL.read.1.tlog
C:\Users\Miguel\Documents\GitHub\miguel-nuno\MapaDigital\MapaDigital\Debug\CL.write.1.tlog
C:\Users\Miguel\Documents\GitHub\miguel-nuno\MapaDigital\MapaDigital\Debug\link-cvtres.read.1.tlog
C:\Users\Miguel\Documents\GitHub\miguel-nuno\MapaDigital\MapaDigital\Debug\link-cvtres.write.1.tlog
C:\Users\Miguel\Documents\GitHub\miguel-nuno\MapaDigital\MapaDigital\Debug\link-rc.read.1.tlog
C:\Users\Miguel\Documents\GitHub\miguel-nuno\MapaDigital\MapaDigital\Debug\link-rc.write.1.tlog
C:\Users\Miguel\Documents\GitHub\miguel-nuno\MapaDigital\MapaDigital\Debug\link.11440-cvtres.read.1.tlog
C:\Users\Miguel\Documents\GitHub\miguel-nuno\MapaDigital\MapaDigital\Debug\link.11440-cvtres.write.1.tlog
C:\Users\Miguel\Documents\GitHub\miguel-nuno\MapaDigital\MapaDigital\Debug\link.11440-rc.read.1.tlog
C:\Users\Miguel\Documents\GitHub\miguel-nuno\MapaDigital\MapaDigital\Debug\link.11440-rc.write.1.tlog
C:\Users\Miguel\Documents\GitHub\miguel-nuno\MapaDigital\MapaDigital\Debug\link.11440.read.1.tlog
C:\Users\Miguel\Documents\GitHub\miguel-nuno\MapaDigital\MapaDigital\Debug\link.11440.write.1.tlog
C:\Users\Miguel\Documents\GitHub\miguel-nuno\MapaDigital\MapaDigital\Debug\link.command.1.tlog
C:\Users\Miguel\Documents\GitHub\miguel-nuno\MapaDigital\MapaDigital\Debug\link.read.1.tlog
C:\Users\Miguel\Documents\GitHub\miguel-nuno\MapaDigital\MapaDigital\Debug\link.write.1.tlog
C:\Users\Miguel\Documents\GitHub\miguel-nuno\MapaDigital\MapaDigital\Debug\vc110.idb
C:\Users\Miguel\Documents\GitHub\miguel-nuno\MapaDigital\MapaDigital\Debug\vc110.pdb
C:\Users\Miguel\Documents\GitHub\miguel-nuno\MapaDigital\Debug\MapaDigital.pdb
C:\Users\Miguel\Documents\GitHub\miguel-nuno\MapaDigital\Debug\MapaDigital.exe
C:\Users\Miguel\Documents\GitHub\miguel-nuno\MapaDigital\Debug\MapaDigital.ilk
